  [1m[35m (637.3ms)[0m  [1m[35mCREATE DATABASE "nutriflow_backend_development" ENCODING = 'unicode' /*application='NutriflowBackend'*/[0m
  [1m[35mSQL (0.5ms)[0m  [1m[35mSET search_path TO public /*application='NutriflowBackend'*/[0m
  [1m[35m (913.6ms)[0m  [1m[35mCREATE DATABASE "nutriflow_backend_development" ENCODING = 'unicode' /*application='NutriflowBackend'*/[0m
  [1m[35mSQL (0.2ms)[0m  [1m[35mSET search_path TO public /*application='NutriflowBackend'*/[0m
  [1m[35m (405.7ms)[0m  [1m[35mCREATE DATABASE "nutriflow_backend_test" ENCODING = 'unicode' /*application='NutriflowBackend'*/[0m
  [1m[35mSQL (0.6ms)[0m  [1m[35mSET search_path TO public /*application='NutriflowBackend'*/[0m
  [1m[35m (1172.5ms)[0m  [1m[35mDROP DATABASE IF EXISTS "nutriflow_backend_development" /*application='NutriflowBackend'*/[0m
  [1m[35mSQL (0.2ms)[0m  [1m[35mSET search_path TO public /*application='NutriflowBackend'*/[0m
  [1m[35m (196.4ms)[0m  [1m[35mDROP DATABASE IF EXISTS "nutriflow_backend_test" /*application='NutriflowBackend'*/[0m
  [1m[35mSQL (0.6ms)[0m  [1m[35mSET search_path TO public /*application='NutriflowBackend'*/[0m
  [1m[35m (352.6ms)[0m  [1m[35mCREATE DATABASE "nutriflow_backend_development" ENCODING = 'unicode' /*application='NutriflowBackend'*/[0m
  [1m[35mSQL (0.2ms)[0m  [1m[35mSET search_path TO public /*application='NutriflowBackend'*/[0m
  [1m[35m (321.3ms)[0m  [1m[35mCREATE DATABASE "nutriflow_backend_test" ENCODING = 'unicode' /*application='NutriflowBackend'*/[0m
  [1m[35mSQL (0.2ms)[0m  [1m[35mSET search_path TO public /*application='NutriflowBackend'*/[0m
  [1m[35m (118.0ms)[0m  [1m[35mCREATE DATABASE "nutriflow_backend_development" ENCODING = 'unicode' /*application='NutriflowBackend'*/[0m
  [1m[35mSQL (0.5ms)[0m  [1m[35mSET search_path TO public /*application='NutriflowBackend'*/[0m
  [1m[35m (140.3ms)[0m  [1m[35mCREATE DATABASE "nutriflow_backend_test" ENCODING = 'unicode' /*application='NutriflowBackend'*/[0m
  [1m[35m (20.6ms)[0m  [1m[35mCREATE TABLE "schema_migrations" ("version" character varying NOT NULL PRIMARY KEY) /*application='NutriflowBackend'*/[0m
  [1m[35m (6.4ms)[0m  [1m[35mCREATE TABLE "ar_internal_metadata" ("key" character varying NOT NULL PRIMARY KEY, "value" character varying, "created_at" timestamp(6) NOT NULL, "updated_at" timestamp(6) NOT NULL) /*application='NutriflowBackend'*/[0m
  [1m[35m (1.2ms)[0m  [1m[34mSELECT pg_try_advisory_lock(7333419741330625845) /*application='NutriflowBackend'*/[0m
  [1m[36mActiveRecord::SchemaMigration Load (2.2ms)[0m  [1m[34mSELECT "schema_migrations"."version" FROM "schema_migrations" ORDER BY "schema_migrations"."version" ASC /*application='NutriflowBackend'*/[0m
  [1m[36mActiveRecord::InternalMetadata Load (2.7ms)[0m  [1m[34mSELECT * FROM "ar_internal_metadata" WHERE "ar_internal_metadata"."key" = 'environment' ORDER BY "ar_internal_metadata"."key" ASC LIMIT 1 /*application='NutriflowBackend'*/[0m
  [1m[36mActiveRecord::InternalMetadata Create (6.5ms)[0m  [1m[32mINSERT INTO "ar_internal_metadata" ("key", "value", "created_at", "updated_at") VALUES ('environment', 'development', '2025-12-07 17:16:34.196269', '2025-12-07 17:16:34.196275') RETURNING "key" /*application='NutriflowBackend'*/[0m
  [1m[35m (0.5ms)[0m  [1m[34mSELECT pg_advisory_unlock(7333419741330625845) /*application='NutriflowBackend'*/[0m
  [1m[36mActiveRecord::SchemaMigration Load (0.2ms)[0m  [1m[34mSELECT "schema_migrations"."version" FROM "schema_migrations" ORDER BY "schema_migrations"."version" ASC /*application='NutriflowBackend'*/[0m
Started GET "/" for 127.0.0.1 at 2025-12-07 22:47:03 +0530
  [1m[36mActiveRecord::SchemaMigration Load (1.4ms)[0m  [1m[34mSELECT "schema_migrations"."version" FROM "schema_migrations" ORDER BY "schema_migrations"."version" ASC /*application='NutriflowBackend'*/[0m
Processing by Rails::WelcomeController#index as HTML
  Rendering C:/Ruby34-x64/lib/ruby/gems/3.4.0/gems/railties-8.0.4/lib/rails/templates/rails/welcome/index.html.erb
  Rendered C:/Ruby34-x64/lib/ruby/gems/3.4.0/gems/railties-8.0.4/lib/rails/templates/rails/welcome/index.html.erb (Duration: 2.0ms | GC: 0.0ms)
Completed 200 OK in 827ms (Views: 188.6ms | ActiveRecord: 0.0ms (0 queries, 0 cached) | GC: 0.0ms)


Started GET "/icon.png" for 127.0.0.1 at 2025-12-07 22:47:07 +0530
  
ActionController::RoutingError (No route matches [GET] "/icon.png"):
  
  [1m[35m (0.5ms)[0m  [1m[34mSELECT pg_try_advisory_lock(7333419741330625845) /*application='NutriflowBackend'*/[0m
  [1m[36mActiveRecord::SchemaMigration Load (1.4ms)[0m  [1m[34mSELECT "schema_migrations"."version" FROM "schema_migrations" ORDER BY "schema_migrations"."version" ASC /*application='NutriflowBackend'*/[0m
  [1m[36mActiveRecord::InternalMetadata Load (2.6ms)[0m  [1m[34mSELECT * FROM "ar_internal_metadata" WHERE "ar_internal_metadata"."key" = 'environment' ORDER BY "ar_internal_metadata"."key" ASC LIMIT 1 /*application='NutriflowBackend'*/[0m
Migrating to DeviseCreateUsers (20251207173803)
  [1m[36mTRANSACTION (0.3ms)[0m  [1m[35mBEGIN /*application='NutriflowBackend'*/[0m
  [1m[35m (20.8ms)[0m  [1m[35mCREATE TABLE "users" ("id" bigserial primary key, "email" character varying DEFAULT '' NOT NULL, "encrypted_password" character varying DEFAULT '' NOT NULL, "reset_password_token" character varying, "reset_password_sent_at" timestamp(6), "remember_created_at" timestamp(6), "name" character varying, "role" character varying DEFAULT 'user', "created_at" timestamp(6) NOT NULL, "updated_at" timestamp(6) NOT NULL) /*application='NutriflowBackend'*/[0m
  [1m[35m (2.0ms)[0m  [1m[35mCREATE UNIQUE INDEX "index_users_on_email" ON "users" ("email") /*application='NutriflowBackend'*/[0m
  [1m[35m (2.6ms)[0m  [1m[35mCREATE UNIQUE INDEX "index_users_on_reset_password_token" ON "users" ("reset_password_token") /*application='NutriflowBackend'*/[0m
  [1m[36mActiveRecord::SchemaMigration Create (1.7ms)[0m  [1m[32mINSERT INTO "schema_migrations" ("version") VALUES ('20251207173803') RETURNING "version" /*application='NutriflowBackend'*/[0m
  [1m[36mTRANSACTION (1.5ms)[0m  [1m[35mCOMMIT /*application='NutriflowBackend'*/[0m
  [1m[35m (0.5ms)[0m  [1m[34mSELECT pg_advisory_unlock(7333419741330625845) /*application='NutriflowBackend'*/[0m
  [1m[36mActiveRecord::SchemaMigration Load (0.5ms)[0m  [1m[34mSELECT "schema_migrations"."version" FROM "schema_migrations" ORDER BY "schema_migrations"."version" ASC /*application='NutriflowBackend'*/[0m
  [1m[35m (0.6ms)[0m  [1m[34mSELECT pg_try_advisory_lock(7333419741330625845) /*application='NutriflowBackend'*/[0m
  [1m[36mActiveRecord::SchemaMigration Load (3.1ms)[0m  [1m[34mSELECT "schema_migrations"."version" FROM "schema_migrations" ORDER BY "schema_migrations"."version" ASC /*application='NutriflowBackend'*/[0m
  [1m[36mActiveRecord::InternalMetadata Load (3.7ms)[0m  [1m[34mSELECT * FROM "ar_internal_metadata" WHERE "ar_internal_metadata"."key" = 'environment' ORDER BY "ar_internal_metadata"."key" ASC LIMIT 1 /*application='NutriflowBackend'*/[0m
Migrating to CreateJwtDenylists (20251207175054)
  [1m[36mTRANSACTION (0.5ms)[0m  [1m[35mBEGIN /*application='NutriflowBackend'*/[0m
  [1m[35m (28.9ms)[0m  [1m[35mCREATE TABLE "jwt_denylists" ("id" bigserial primary key, "jti" character varying, "exp" timestamp(6), "created_at" timestamp(6) NOT NULL, "updated_at" timestamp(6) NOT NULL) /*application='NutriflowBackend'*/[0m
  [1m[35m (3.8ms)[0m  [1m[35mCREATE INDEX "index_jwt_denylists_on_jti" ON "jwt_denylists" ("jti") /*application='NutriflowBackend'*/[0m
  [1m[36mActiveRecord::SchemaMigration Create (1.0ms)[0m  [1m[32mINSERT INTO "schema_migrations" ("version") VALUES ('20251207175054') RETURNING "version" /*application='NutriflowBackend'*/[0m
  [1m[36mTRANSACTION (2.5ms)[0m  [1m[35mCOMMIT /*application='NutriflowBackend'*/[0m
  [1m[35m (0.8ms)[0m  [1m[34mSELECT pg_advisory_unlock(7333419741330625845) /*application='NutriflowBackend'*/[0m
  [1m[36mActiveRecord::SchemaMigration Load (1.1ms)[0m  [1m[34mSELECT "schema_migrations"."version" FROM "schema_migrations" ORDER BY "schema_migrations"."version" ASC /*application='NutriflowBackend'*/[0m
Started GET "/" for 127.0.0.1 at 2025-12-07 23:43:05 +0530
  [1m[36mActiveRecord::SchemaMigration Load (4.5ms)[0m  [1m[34mSELECT "schema_migrations"."version" FROM "schema_migrations" ORDER BY "schema_migrations"."version" ASC /*application='NutriflowBackend'*/[0m
  
ActionController::RoutingError (uninitialized constant HomeController)
Caused by: ActionDispatch::MissingController (uninitialized constant HomeController)
Caused by: NameError (uninitialized constant HomeController)

Information for: ActionController::RoutingError (uninitialized constant HomeController):
  

Information for cause: ActionDispatch::MissingController (uninitialized constant HomeController):
  
actionpack (8.0.4) lib/action_dispatch/http/request.rb:102:in 'ActionDispatch::Request#controller_class_for'
actionpack (8.0.4) lib/action_dispatch/http/request.rb:91:in 'ActionDispatch::Request#controller_class'
actionpack (8.0.4) lib/action_dispatch/routing/route_set.rb:61:in 'ActionDispatch::Routing::RouteSet::Dispatcher#controller'
actionpack (8.0.4) lib/action_dispatch/routing/route_set.rb:48:in 'ActionDispatch::Routing::RouteSet::Dispatcher#serve'
actionpack (8.0.4) lib/action_dispatch/journey/router.rb:53:in 'block in ActionDispatch::Journey::Router#serve'
actionpack (8.0.4) lib/action_dispatch/journey/router.rb:133:in 'block in ActionDispatch::Journey::Router#find_routes'
actionpack (8.0.4) lib/action_dispatch/journey/router.rb:126:in 'Array#each'
actionpack (8.0.4) lib/action_dispatch/journey/router.rb:126:in 'ActionDispatch::Journey::Router#find_routes'
actionpack (8.0.4) lib/action_dispatch/journey/router.rb:34:in 'ActionDispatch::Journey::Router#serve'
actionpack (8.0.4) lib/action_dispatch/routing/route_set.rb:908:in 'ActionDispatch::Routing::RouteSet#call'
railties (8.0.4) lib/rails/engine/lazy_route_set.rb:60:in 'Rails::Engine::LazyRouteSet#call'
warden-jwt_auth (0.12.0) lib/warden/jwt_auth/middleware/token_dispatcher.rb:20:in 'Warden::JWTAuth::Middleware::TokenDispatcher#call'
warden-jwt_auth (0.12.0) lib/warden/jwt_auth/middleware/revocation_manager.rb:21:in 'Warden::JWTAuth::Middleware::RevocationManager#call'
rack (3.2.4) lib/rack/builder.rb:283:in 'Rack::Builder#call'
warden-jwt_auth (0.12.0) lib/warden/jwt_auth/middleware.rb:22:in 'Warden::JWTAuth::Middleware#call'
warden (1.2.9) lib/warden/manager.rb:36:in 'block in Warden::Manager#call'
warden (1.2.9) lib/warden/manager.rb:34:in 'Kernel#catch'
warden (1.2.9) lib/warden/manager.rb:34:in 'Warden::Manager#call'
rack (3.2.4) lib/rack/etag.rb:29:in 'Rack::ETag#call'
rack (3.2.4) lib/rack/conditional_get.rb:31:in 'Rack::ConditionalGet#call'
rack (3.2.4) lib/rack/head.rb:15:in 'Rack::Head#call'
activerecord (8.0.4) lib/active_record/migration.rb:670:in 'ActiveRecord::Migration::CheckPending#call'
actionpack (8.0.4) lib/action_dispatch/middleware/callbacks.rb:31:in 'block in ActionDispatch::Callbacks#call'
activesupport (8.0.4) lib/active_support/callbacks.rb:100:in 'ActiveSupport::Callbacks#run_callbacks'
actionpack (8.0.4) lib/action_dispatch/middleware/callbacks.rb:30:in 'ActionDispatch::Callbacks#call'
actionpack (8.0.4) lib/action_dispatch/middleware/executor.rb:16:in 'ActionDispatch::Executor#call'
actionpack (8.0.4) lib/action_dispatch/middleware/actionable_exceptions.rb:18:in 'ActionDispatch::ActionableExceptions#call'
actionpack (8.0.4) lib/action_dispatch/middleware/debug_exceptions.rb:31:in 'ActionDispatch::DebugExceptions#call'
actionpack (8.0.4) lib/action_dispatch/middleware/show_exceptions.rb:32:in 'ActionDispatch::ShowExceptions#call'
railties (8.0.4) lib/rails/rack/logger.rb:41:in 'Rails::Rack::Logger#call_app'
railties (8.0.4) lib/rails/rack/logger.rb:29:in 'Rails::Rack::Logger#call'
actionpack (8.0.4) lib/action_dispatch/middleware/remote_ip.rb:96:in 'ActionDispatch::RemoteIp#call'
actionpack (8.0.4) lib/action_dispatch/middleware/request_id.rb:34:in 'ActionDispatch::RequestId#call'
rack (3.2.4) lib/rack/runtime.rb:24:in 'Rack::Runtime#call'
actionpack (8.0.4) lib/action_dispatch/middleware/server_timing.rb:61:in 'block in ActionDispatch::ServerTiming#call'
actionpack (8.0.4) lib/action_dispatch/middleware/server_timing.rb:26:in 'ActionDispatch::ServerTiming::Subscriber#collect_events'
actionpack (8.0.4) lib/action_dispatch/middleware/server_timing.rb:60:in 'ActionDispatch::ServerTiming#call'
actionpack (8.0.4) lib/action_dispatch/middleware/executor.rb:16:in 'ActionDispatch::Executor#call'
actionpack (8.0.4) lib/action_dispatch/middleware/static.rb:27:in 'ActionDispatch::Static#call'
rack (3.2.4) lib/rack/sendfile.rb:131:in 'Rack::Sendfile#call'
actionpack (8.0.4) lib/action_dispatch/middleware/host_authorization.rb:143:in 'ActionDispatch::HostAuthorization#call'
rack-cors (3.0.0) lib/rack/cors.rb:102:in 'Rack::Cors#call'
railties (8.0.4) lib/rails/engine.rb:535:in 'Rails::Engine#call'
puma (7.1.0) lib/puma/configuration.rb:300:in 'Puma::Configuration::ConfigMiddleware#call'
puma (7.1.0) lib/puma/request.rb:101:in 'block in Puma::Request#handle_request'
puma (7.1.0) lib/puma/thread_pool.rb:355:in 'Puma::ThreadPool#with_force_shutdown'
puma (7.1.0) lib/puma/request.rb:100:in 'Puma::Request#handle_request'
puma (7.1.0) lib/puma/server.rb:503:in 'Puma::Server#process_client'
puma (7.1.0) lib/puma/server.rb:262:in 'block in Puma::Server#run'
puma (7.1.0) lib/puma/thread_pool.rb:182:in 'block in Puma::ThreadPool#spawn_thread'

Information for cause: NameError (uninitialized constant HomeController):
  
activesupport (8.0.4) lib/active_support/inflector/methods.rb:290:in 'ActiveSupport::Inflector#constantize'
activesupport (8.0.4) lib/active_support/core_ext/string/inflections.rb:74:in 'String#constantize'
actionpack (8.0.4) lib/action_dispatch/http/request.rb:99:in 'ActionDispatch::Request#controller_class_for'
actionpack (8.0.4) lib/action_dispatch/http/request.rb:91:in 'ActionDispatch::Request#controller_class'
actionpack (8.0.4) lib/action_dispatch/routing/route_set.rb:61:in 'ActionDispatch::Routing::RouteSet::Dispatcher#controller'
actionpack (8.0.4) lib/action_dispatch/routing/route_set.rb:48:in 'ActionDispatch::Routing::RouteSet::Dispatcher#serve'
actionpack (8.0.4) lib/action_dispatch/journey/router.rb:53:in 'block in ActionDispatch::Journey::Router#serve'
actionpack (8.0.4) lib/action_dispatch/journey/router.rb:133:in 'block in ActionDispatch::Journey::Router#find_routes'
actionpack (8.0.4) lib/action_dispatch/journey/router.rb:126:in 'Array#each'
actionpack (8.0.4) lib/action_dispatch/journey/router.rb:126:in 'ActionDispatch::Journey::Router#find_routes'
actionpack (8.0.4) lib/action_dispatch/journey/router.rb:34:in 'ActionDispatch::Journey::Router#serve'
actionpack (8.0.4) lib/action_dispatch/routing/route_set.rb:908:in 'ActionDispatch::Routing::RouteSet#call'
railties (8.0.4) lib/rails/engine/lazy_route_set.rb:60:in 'Rails::Engine::LazyRouteSet#call'
warden-jwt_auth (0.12.0) lib/warden/jwt_auth/middleware/token_dispatcher.rb:20:in 'Warden::JWTAuth::Middleware::TokenDispatcher#call'
warden-jwt_auth (0.12.0) lib/warden/jwt_auth/middleware/revocation_manager.rb:21:in 'Warden::JWTAuth::Middleware::RevocationManager#call'
rack (3.2.4) lib/rack/builder.rb:283:in 'Rack::Builder#call'
warden-jwt_auth (0.12.0) lib/warden/jwt_auth/middleware.rb:22:in 'Warden::JWTAuth::Middleware#call'
warden (1.2.9) lib/warden/manager.rb:36:in 'block in Warden::Manager#call'
warden (1.2.9) lib/warden/manager.rb:34:in 'Kernel#catch'
warden (1.2.9) lib/warden/manager.rb:34:in 'Warden::Manager#call'
rack (3.2.4) lib/rack/etag.rb:29:in 'Rack::ETag#call'
rack (3.2.4) lib/rack/conditional_get.rb:31:in 'Rack::ConditionalGet#call'
rack (3.2.4) lib/rack/head.rb:15:in 'Rack::Head#call'
activerecord (8.0.4) lib/active_record/migration.rb:670:in 'ActiveRecord::Migration::CheckPending#call'
actionpack (8.0.4) lib/action_dispatch/middleware/callbacks.rb:31:in 'block in ActionDispatch::Callbacks#call'
activesupport (8.0.4) lib/active_support/callbacks.rb:100:in 'ActiveSupport::Callbacks#run_callbacks'
actionpack (8.0.4) lib/action_dispatch/middleware/callbacks.rb:30:in 'ActionDispatch::Callbacks#call'
actionpack (8.0.4) lib/action_dispatch/middleware/executor.rb:16:in 'ActionDispatch::Executor#call'
actionpack (8.0.4) lib/action_dispatch/middleware/actionable_exceptions.rb:18:in 'ActionDispatch::ActionableExceptions#call'
actionpack (8.0.4) lib/action_dispatch/middleware/debug_exceptions.rb:31:in 'ActionDispatch::DebugExceptions#call'
actionpack (8.0.4) lib/action_dispatch/middleware/show_exceptions.rb:32:in 'ActionDispatch::ShowExceptions#call'
railties (8.0.4) lib/rails/rack/logger.rb:41:in 'Rails::Rack::Logger#call_app'
railties (8.0.4) lib/rails/rack/logger.rb:29:in 'Rails::Rack::Logger#call'
actionpack (8.0.4) lib/action_dispatch/middleware/remote_ip.rb:96:in 'ActionDispatch::RemoteIp#call'
actionpack (8.0.4) lib/action_dispatch/middleware/request_id.rb:34:in 'ActionDispatch::RequestId#call'
rack (3.2.4) lib/rack/runtime.rb:24:in 'Rack::Runtime#call'
actionpack (8.0.4) lib/action_dispatch/middleware/server_timing.rb:61:in 'block in ActionDispatch::ServerTiming#call'
actionpack (8.0.4) lib/action_dispatch/middleware/server_timing.rb:26:in 'ActionDispatch::ServerTiming::Subscriber#collect_events'
actionpack (8.0.4) lib/action_dispatch/middleware/server_timing.rb:60:in 'ActionDispatch::ServerTiming#call'
actionpack (8.0.4) lib/action_dispatch/middleware/executor.rb:16:in 'ActionDispatch::Executor#call'
actionpack (8.0.4) lib/action_dispatch/middleware/static.rb:27:in 'ActionDispatch::Static#call'
rack (3.2.4) lib/rack/sendfile.rb:131:in 'Rack::Sendfile#call'
actionpack (8.0.4) lib/action_dispatch/middleware/host_authorization.rb:143:in 'ActionDispatch::HostAuthorization#call'
rack-cors (3.0.0) lib/rack/cors.rb:102:in 'Rack::Cors#call'
railties (8.0.4) lib/rails/engine.rb:535:in 'Rails::Engine#call'
puma (7.1.0) lib/puma/configuration.rb:300:in 'Puma::Configuration::ConfigMiddleware#call'
puma (7.1.0) lib/puma/request.rb:101:in 'block in Puma::Request#handle_request'
puma (7.1.0) lib/puma/thread_pool.rb:355:in 'Puma::ThreadPool#with_force_shutdown'
puma (7.1.0) lib/puma/request.rb:100:in 'Puma::Request#handle_request'
puma (7.1.0) lib/puma/server.rb:503:in 'Puma::Server#process_client'
puma (7.1.0) lib/puma/server.rb:262:in 'block in Puma::Server#run'
puma (7.1.0) lib/puma/thread_pool.rb:182:in 'block in Puma::ThreadPool#spawn_thread'
Started GET "/favicon.ico" for 127.0.0.1 at 2025-12-07 23:43:13 +0530
  
ActionController::RoutingError (No route matches [GET] "/favicon.ico"):
  
Started GET "/" for 127.0.0.1 at 2025-12-07 23:47:30 +0530
Processing by Rails::WelcomeController#index as HTML
  Rendering C:/Ruby34-x64/lib/ruby/gems/3.4.0/gems/railties-8.0.4/lib/rails/templates/rails/welcome/index.html.erb
  Rendered C:/Ruby34-x64/lib/ruby/gems/3.4.0/gems/railties-8.0.4/lib/rails/templates/rails/welcome/index.html.erb (Duration: 3.9ms | GC: 0.0ms)
Completed 200 OK in 350ms (Views: 7.7ms | ActiveRecord: 0.0ms (0 queries, 0 cached) | GC: 0.0ms)


Started GET "/" for 127.0.0.1 at 2025-12-08 00:08:27 +0530
Processing by Rails::WelcomeController#index as HTML
  Rendering C:/Ruby34-x64/lib/ruby/gems/3.4.0/gems/railties-8.0.4/lib/rails/templates/rails/welcome/index.html.erb
  Rendered C:/Ruby34-x64/lib/ruby/gems/3.4.0/gems/railties-8.0.4/lib/rails/templates/rails/welcome/index.html.erb (Duration: 4.9ms | GC: 0.0ms)
Completed 200 OK in 19ms (Views: 8.1ms | ActiveRecord: 0.0ms (0 queries, 0 cached) | GC: 0.0ms)


Started GET "/" for 127.0.0.1 at 2025-12-08 00:08:57 +0530
  [1m[36mActiveRecord::SchemaMigration Load (4.4ms)[0m  [1m[34mSELECT "schema_migrations"."version" FROM "schema_migrations" ORDER BY "schema_migrations"."version" ASC /*application='NutriflowBackend'*/[0m
Processing by Rails::WelcomeController#index as HTML
  Rendering C:/Ruby34-x64/lib/ruby/gems/3.4.0/gems/railties-8.0.4/lib/rails/templates/rails/welcome/index.html.erb
  Rendered C:/Ruby34-x64/lib/ruby/gems/3.4.0/gems/railties-8.0.4/lib/rails/templates/rails/welcome/index.html.erb (Duration: 1.8ms | GC: 0.0ms)
Completed 200 OK in 224ms (Views: 17.8ms | ActiveRecord: 0.0ms (0 queries, 0 cached) | GC: 0.0ms)


Started GET "/" for 127.0.0.1 at 2025-12-08 00:24:16 +0530
  [1m[36mActiveRecord::SchemaMigration Load (1.4ms)[0m  [1m[34mSELECT "schema_migrations"."version" FROM "schema_migrations" ORDER BY "schema_migrations"."version" ASC /*application='NutriflowBackend'*/[0m
Processing by Rails::WelcomeController#index as HTML
  Rendering C:/Ruby34-x64/lib/ruby/gems/3.4.0/gems/railties-8.0.4/lib/rails/templates/rails/welcome/index.html.erb
  Rendered C:/Ruby34-x64/lib/ruby/gems/3.4.0/gems/railties-8.0.4/lib/rails/templates/rails/welcome/index.html.erb (Duration: 1.7ms | GC: 0.0ms)
Completed 200 OK in 80ms (Views: 10.7ms | ActiveRecord: 0.0ms (0 queries, 0 cached) | GC: 0.0ms)


Started POST "/auth/register" for ::1 at 2025-12-08 00:47:59 +0530
Processing by AuthController#register as */*
  Parameters: {"name" => "Meeran", "email" => "[FILTERED]", "password" => "[FILTERED]", "password_confirmation" => "[FILTERED]", "auth" => {"name" => "Meeran", "email" => "[FILTERED]", "password" => "[FILTERED]", "password_confirmation" => "[FILTERED]"}}
[31mUnpermitted parameter: :auth. Context: { controller: AuthController, action: register, request: #<ActionDispatch::Request:0x0000027f758ca3d8>, params: {"name" => "Meeran", "email" => "[FILTERED]", "password" => "[FILTERED]", "password_confirmation" => "[FILTERED]", "controller" => "auth", "action" => "register", "auth" => {"name" => "Meeran", "email" => "[FILTERED]", "password" => "[FILTERED]", "password_confirmation" => "[FILTERED]"}} }[0m
  [1m[36mTRANSACTION (0.7ms)[0m  [1m[35mBEGIN /*action='register',application='NutriflowBackend',controller='auth'*/[0m
  ↳ app/controllers/auth_controller.rb:7:in 'AuthController#register'
  [1m[36mUser Exists? (10.8ms)[0m  [1m[34mSELECT 1 AS one FROM "users" WHERE "users"."email" = 'test@example.com' LIMIT 1 /*action='register',application='NutriflowBackend',controller='auth'*/[0m
  ↳ app/controllers/auth_controller.rb:7:in 'AuthController#register'
  [1m[36mUser Create (5.9ms)[0m  [1m[32mINSERT INTO "users" ("email", "encrypted_password", "reset_password_token", "reset_password_sent_at", "remember_created_at", "name", "role", "created_at", "updated_at") VALUES ('test@example.com', '$2a$12$w.MKteH/KJgPszRPCmTpEueW5FagAFgtZ6JUtzLQ5b/PZ0Bz6OHoq', NULL, NULL, NULL, 'Meeran', 'user', '2025-12-07 19:18:00.992989', '2025-12-07 19:18:00.992989') RETURNING "id" /*action='register',application='NutriflowBackend',controller='auth'*/[0m
  ↳ app/controllers/auth_controller.rb:7:in 'AuthController#register'
  [1m[36mTRANSACTION (1.6ms)[0m  [1m[35mCOMMIT /*action='register',application='NutriflowBackend',controller='auth'*/[0m
  ↳ app/controllers/auth_controller.rb:7:in 'AuthController#register'
Completed 500 Internal Server Error in 1172ms (ActiveRecord: 140.2ms (2 queries, 0 cached) | GC: 0.5ms)


  
ActionDispatch::Request::Session::DisabledSessionError (Your application has sessions disabled. To write to the session you must first configure a session store):
  
app/controllers/auth_controller.rb:8:in 'AuthController#register'
Started GET "/" for 127.0.0.1 at 2025-12-08 00:58:57 +0530
  [1m[36mActiveRecord::SchemaMigration Load (4.4ms)[0m  [1m[34mSELECT "schema_migrations"."version" FROM "schema_migrations" ORDER BY "schema_migrations"."version" ASC /*application='NutriflowBackend'*/[0m
Processing by Rails::WelcomeController#index as HTML
  Rendering C:/Ruby34-x64/lib/ruby/gems/3.4.0/gems/railties-8.0.4/lib/rails/templates/rails/welcome/index.html.erb
  Rendered C:/Ruby34-x64/lib/ruby/gems/3.4.0/gems/railties-8.0.4/lib/rails/templates/rails/welcome/index.html.erb (Duration: 2.0ms | GC: 0.0ms)
Completed 200 OK in 104ms (Views: 28.1ms | ActiveRecord: 0.0ms (0 queries, 0 cached) | GC: 0.0ms)


Started POST "/auth/register" for ::1 at 2025-12-08 01:00:48 +0530
Processing by AuthController#register as */*
  Parameters: {"name" => "Meeran", "email" => "[FILTERED]", "password" => "[FILTERED]", "password_confirmation" => "[FILTERED]", "auth" => {"name" => "Meeran", "email" => "[FILTERED]", "password" => "[FILTERED]", "password_confirmation" => "[FILTERED]"}}
[31mUnpermitted parameter: :auth. Context: { controller: AuthController, action: register, request: #<ActionDispatch::Request:0x0000025daa10fe78>, params: {"name" => "Meeran", "email" => "[FILTERED]", "password" => "[FILTERED]", "password_confirmation" => "[FILTERED]", "controller" => "auth", "action" => "register", "auth" => {"name" => "Meeran", "email" => "[FILTERED]", "password" => "[FILTERED]", "password_confirmation" => "[FILTERED]"}} }[0m
  [1m[36mTRANSACTION (0.5ms)[0m  [1m[35mBEGIN /*action='register',application='NutriflowBackend',controller='auth'*/[0m
  ↳ app/controllers/auth_controller.rb:7:in 'AuthController#register'
  [1m[36mUser Exists? (11.5ms)[0m  [1m[34mSELECT 1 AS one FROM "users" WHERE "users"."email" = 'test@example.com' LIMIT 1 /*action='register',application='NutriflowBackend',controller='auth'*/[0m
  ↳ app/controllers/auth_controller.rb:7:in 'AuthController#register'
  [1m[36mTRANSACTION (1.6ms)[0m  [1m[31mROLLBACK /*action='register',application='NutriflowBackend',controller='auth'*/[0m
  ↳ app/controllers/auth_controller.rb:7:in 'AuthController#register'
[active_model_serializers] Rendered ActiveModel::Serializer::Null with Hash (0.12ms)
Completed 422 Unprocessable Content in 610ms (Views: 29.3ms | ActiveRecord: 73.6ms (1 query, 0 cached) | GC: 0.2ms)


Started POST "/auth/register" for ::1 at 2025-12-08 01:01:04 +0530
Processing by AuthController#register as */*
  Parameters: {"name" => "Meeran", "email" => "[FILTERED]", "password" => "[FILTERED]", "password_confirmation" => "[FILTERED]", "auth" => {"name" => "Meeran", "email" => "[FILTERED]", "password" => "[FILTERED]", "password_confirmation" => "[FILTERED]"}}
[31mUnpermitted parameter: :auth. Context: { controller: AuthController, action: register, request: #<ActionDispatch::Request:0x0000025da8f01240>, params: {"name" => "Meeran", "email" => "[FILTERED]", "password" => "[FILTERED]", "password_confirmation" => "[FILTERED]", "controller" => "auth", "action" => "register", "auth" => {"name" => "Meeran", "email" => "[FILTERED]", "password" => "[FILTERED]", "password_confirmation" => "[FILTERED]"}} }[0m
  [1m[36mTRANSACTION (0.3ms)[0m  [1m[35mBEGIN /*action='register',application='NutriflowBackend',controller='auth'*/[0m
  ↳ app/controllers/auth_controller.rb:7:in 'AuthController#register'
  [1m[36mUser Exists? (4.5ms)[0m  [1m[34mSELECT 1 AS one FROM "users" WHERE "users"."email" = 'test@example.com' LIMIT 1 /*action='register',application='NutriflowBackend',controller='auth'*/[0m
  ↳ app/controllers/auth_controller.rb:7:in 'AuthController#register'
  [1m[36mTRANSACTION (0.3ms)[0m  [1m[31mROLLBACK /*action='register',application='NutriflowBackend',controller='auth'*/[0m
  ↳ app/controllers/auth_controller.rb:7:in 'AuthController#register'
[active_model_serializers] Rendered ActiveModel::Serializer::Null with Hash (0.04ms)
Completed 422 Unprocessable Content in 225ms (Views: 1.3ms | ActiveRecord: 5.0ms (1 query, 0 cached) | GC: 0.0ms)


Started POST "/auth/register" for ::1 at 2025-12-08 01:01:59 +0530
Processing by AuthController#register as */*
  Parameters: {"name" => "Meerans", "email" => "[FILTERED]", "password" => "[FILTERED]", "password_confirmation" => "[FILTERED]", "auth" => {"name" => "Meerans", "email" => "[FILTERED]", "password" => "[FILTERED]", "password_confirmation" => "[FILTERED]"}}
[31mUnpermitted parameter: :auth. Context: { controller: AuthController, action: register, request: #<ActionDispatch::Request:0x0000025daa2db4a0>, params: {"name" => "Meerans", "email" => "[FILTERED]", "password" => "[FILTERED]", "password_confirmation" => "[FILTERED]", "controller" => "auth", "action" => "register", "auth" => {"name" => "Meerans", "email" => "[FILTERED]", "password" => "[FILTERED]", "password_confirmation" => "[FILTERED]"}} }[0m
  [1m[36mTRANSACTION (0.7ms)[0m  [1m[35mBEGIN /*action='register',application='NutriflowBackend',controller='auth'*/[0m
  ↳ app/controllers/auth_controller.rb:7:in 'AuthController#register'
  [1m[36mUser Exists? (10.3ms)[0m  [1m[34mSELECT 1 AS one FROM "users" WHERE "users"."email" = 'test2@example.com' LIMIT 1 /*action='register',application='NutriflowBackend',controller='auth'*/[0m
  ↳ app/controllers/auth_controller.rb:7:in 'AuthController#register'
  [1m[36mUser Create (4.1ms)[0m  [1m[32mINSERT INTO "users" ("email", "encrypted_password", "reset_password_token", "reset_password_sent_at", "remember_created_at", "name", "role", "created_at", "updated_at") VALUES ('test2@example.com', '$2a$12$xPrne.QJ/SX8tfJp7PJLPOY8l8s2kGQOfFuePxKNUbEHZ1MXGyxDi', NULL, NULL, NULL, 'Meerans', 'user', '2025-12-07 19:31:59.970974', '2025-12-07 19:31:59.970974') RETURNING "id" /*action='register',application='NutriflowBackend',controller='auth'*/[0m
  ↳ app/controllers/auth_controller.rb:7:in 'AuthController#register'
  [1m[36mTRANSACTION (3.7ms)[0m  [1m[35mCOMMIT /*action='register',application='NutriflowBackend',controller='auth'*/[0m
  ↳ app/controllers/auth_controller.rb:7:in 'AuthController#register'
Completed 500 Internal Server Error in 720ms (ActiveRecord: 18.4ms (2 queries, 0 cached) | GC: 0.0ms)


  
ActionDispatch::Request::Session::DisabledSessionError (Your application has sessions disabled. To write to the session you must first configure a session store):
  
app/controllers/auth_controller.rb:8:in 'AuthController#register'
Started POST "/auth/register" for ::1 at 2025-12-08 01:02:55 +0530
Processing by AuthController#register as */*
  Parameters: {"name" => "Meerans", "email" => "[FILTERED]", "password" => "[FILTERED]", "password_confirmation" => "[FILTERED]", "auth" => {"name" => "Meerans", "email" => "[FILTERED]", "password" => "[FILTERED]", "password_confirmation" => "[FILTERED]"}}
[31mUnpermitted parameter: :auth. Context: { controller: AuthController, action: register, request: #<ActionDispatch::Request:0x0000025da8c36e20>, params: {"name" => "Meerans", "email" => "[FILTERED]", "password" => "[FILTERED]", "password_confirmation" => "[FILTERED]", "controller" => "auth", "action" => "register", "auth" => {"name" => "Meerans", "email" => "[FILTERED]", "password" => "[FILTERED]", "password_confirmation" => "[FILTERED]"}} }[0m
  [1m[36mTRANSACTION (0.7ms)[0m  [1m[35mBEGIN /*action='register',application='NutriflowBackend',controller='auth'*/[0m
  ↳ app/controllers/auth_controller.rb:7:in 'AuthController#register'
  [1m[36mUser Exists? (5.8ms)[0m  [1m[34mSELECT 1 AS one FROM "users" WHERE "users"."email" = 'test2@example.com' LIMIT 1 /*action='register',application='NutriflowBackend',controller='auth'*/[0m
  ↳ app/controllers/auth_controller.rb:7:in 'AuthController#register'
  [1m[36mTRANSACTION (0.5ms)[0m  [1m[31mROLLBACK /*action='register',application='NutriflowBackend',controller='auth'*/[0m
  ↳ app/controllers/auth_controller.rb:7:in 'AuthController#register'
[active_model_serializers] Rendered ActiveModel::Serializer::Null with Hash (0.05ms)
Completed 422 Unprocessable Content in 304ms (Views: 1.2ms | ActiveRecord: 7.0ms (1 query, 0 cached) | GC: 0.0ms)


Started POST "/auth/register" for ::1 at 2025-12-08 01:03:17 +0530
Processing by AuthController#register as */*
  Parameters: {"name" => "Meeras", "email" => "[FILTERED]", "password" => "[FILTERED]", "password_confirmation" => "[FILTERED]", "auth" => {"name" => "Meeras", "email" => "[FILTERED]", "password" => "[FILTERED]", "password_confirmation" => "[FILTERED]"}}
[31mUnpermitted parameter: :auth. Context: { controller: AuthController, action: register, request: #<ActionDispatch::Request:0x0000025da78b1e18>, params: {"name" => "Meeras", "email" => "[FILTERED]", "password" => "[FILTERED]", "password_confirmation" => "[FILTERED]", "controller" => "auth", "action" => "register", "auth" => {"name" => "Meeras", "email" => "[FILTERED]", "password" => "[FILTERED]", "password_confirmation" => "[FILTERED]"}} }[0m
  [1m[36mTRANSACTION (0.4ms)[0m  [1m[35mBEGIN /*action='register',application='NutriflowBackend',controller='auth'*/[0m
  ↳ app/controllers/auth_controller.rb:7:in 'AuthController#register'
  [1m[36mUser Exists? (4.5ms)[0m  [1m[34mSELECT 1 AS one FROM "users" WHERE "users"."email" = 'test3@example.com' LIMIT 1 /*action='register',application='NutriflowBackend',controller='auth'*/[0m
  ↳ app/controllers/auth_controller.rb:7:in 'AuthController#register'
  [1m[36mUser Create (1.0ms)[0m  [1m[32mINSERT INTO "users" ("email", "encrypted_password", "reset_password_token", "reset_password_sent_at", "remember_created_at", "name", "role", "created_at", "updated_at") VALUES ('test3@example.com', '$2a$12$NkTz0/PCDpHGwnE5VbJ44eDaI3bKWSJfjGOwGZbqVG0jyodGjaSei', NULL, NULL, NULL, 'Meeras', 'user', '2025-12-07 19:33:18.295792', '2025-12-07 19:33:18.295792') RETURNING "id" /*action='register',application='NutriflowBackend',controller='auth'*/[0m
  ↳ app/controllers/auth_controller.rb:7:in 'AuthController#register'
  [1m[36mTRANSACTION (1.2ms)[0m  [1m[35mCOMMIT /*action='register',application='NutriflowBackend',controller='auth'*/[0m
  ↳ app/controllers/auth_controller.rb:7:in 'AuthController#register'
Completed 500 Internal Server Error in 243ms (ActiveRecord: 7.0ms (2 queries, 0 cached) | GC: 0.0ms)


  
ActionDispatch::Request::Session::DisabledSessionError (Your application has sessions disabled. To write to the session you must first configure a session store):
  
app/controllers/auth_controller.rb:8:in 'AuthController#register'
